<?xml version="1.0" encoding="utf-8"?><testsuites name="pytest tests"><testsuite name="pytest" errors="0" failures="0" skipped="0" tests="18" time="8.537" timestamp="2025-09-01T19:42:41.549222+00:00" hostname="pkrvmccyg1gnepe"><testcase classname="tests.test_active_window" name="test_get_active_window_returns_windowinfo" time="0.023" /><testcase classname="tests.test_active_window" name="test_get_backend_constant" time="0.000" /><testcase classname="tests.test_capture" name="test_generate_filename_basic" time="0.001" /><testcase classname="tests.test_capture" name="test_ocr_text_filename_conversion" time="0.000" /><testcase classname="tests.test_capture" name="test_encrypt_decrypt_roundtrip" time="0.002" /><testcase classname="tests.test_encryption_fileops" name="test_encrypt_and_decrypt_file_roundtrip" time="0.002" /><testcase classname="tests.test_hybrid" name="test_hybrid_search_returns_list" time="3.471" /><testcase classname="tests.test_lock_detection" name="test_loginctl_locked_yes" time="0.002" /><testcase classname="tests.test_lock_detection" name="test_loginctl_locked_no" time="0.002" /><testcase classname="tests.test_lock_detection" name="test_dbus_gnome_true" time="0.002" /><testcase classname="tests.test_lock_detection" name="test_dbus_generic_qdbus" time="0.001" /><testcase classname="tests.test_screenshot_extra" name="test_generate_filename_sanitization_and_truncate" time="0.001" /><testcase classname="tests.test_screenshot_extra" name="test_generate_filename_empty_title_defaults_to_window" time="0.001" /><testcase classname="tests.test_semantic" name="test_embed_texts_empty" time="0.001" /><testcase classname="tests.test_semantic" name="test_build_faiss_index_no_embeddings" time="0.001" /><testcase classname="tests.test_semantic" name="test_build_faiss_index_success" time="0.001" /><testcase classname="tests.test_service_behavior" name="test_capture_once_happy_path" time="0.005" /><testcase classname="tests.test_service_behavior" name="test_capture_duplicate_detection" time="0.004" /></testsuite></testsuites>